ARM GAS  /tmp/ccsrB7hw.s 			page 1


   1              		.cpu cortex-m4
   2              		.eabi_attribute 27, 1
   3              		.eabi_attribute 28, 1
   4              		.eabi_attribute 20, 1
   5              		.eabi_attribute 21, 1
   6              		.eabi_attribute 23, 3
   7              		.eabi_attribute 24, 1
   8              		.eabi_attribute 25, 1
   9              		.eabi_attribute 26, 1
  10              		.eabi_attribute 30, 1
  11              		.eabi_attribute 34, 1
  12              		.eabi_attribute 18, 4
  13              		.file	"main.c"
  14              		.text
  15              	.Ltext0:
  16              		.cfi_sections	.debug_frame
  17              		.section	.text.Error_Handler,"ax",%progbits
  18              		.align	1
  19              		.global	Error_Handler
  20              		.arch armv7e-m
  21              		.syntax unified
  22              		.thumb
  23              		.thumb_func
  24              		.fpu fpv4-sp-d16
  26              	Error_Handler:
  27              	.LFB135:
  28              		.file 1 "Core/Src/main.c"
   1:Core/Src/main.c **** /* USER CODE BEGIN Header */
   2:Core/Src/main.c **** /**
   3:Core/Src/main.c ****   ******************************************************************************
   4:Core/Src/main.c ****   * @file           : main.c
   5:Core/Src/main.c ****   * @brief          : Main program body
   6:Core/Src/main.c ****   ******************************************************************************
   7:Core/Src/main.c ****   * @attention
   8:Core/Src/main.c ****   *
   9:Core/Src/main.c ****   * Copyright (c) 2022 STMicroelectronics.
  10:Core/Src/main.c ****   * All rights reserved.
  11:Core/Src/main.c ****   *
  12:Core/Src/main.c ****   * This software is licensed under terms that can be found in the LICENSE file
  13:Core/Src/main.c ****   * in the root directory of this software component.
  14:Core/Src/main.c ****   * If no LICENSE file comes with this software, it is provided AS-IS.
  15:Core/Src/main.c ****   *
  16:Core/Src/main.c ****   ******************************************************************************
  17:Core/Src/main.c ****   */
  18:Core/Src/main.c **** /* USER CODE END Header */
  19:Core/Src/main.c **** /* Includes ------------------------------------------------------------------*/
  20:Core/Src/main.c **** #include "main.h"
  21:Core/Src/main.c **** 
  22:Core/Src/main.c **** /* Private includes ----------------------------------------------------------*/
  23:Core/Src/main.c **** /* USER CODE BEGIN Includes */
  24:Core/Src/main.c **** #include <stdio.h>
  25:Core/Src/main.c **** /* USER CODE END Includes */
  26:Core/Src/main.c **** 
  27:Core/Src/main.c **** /* Private typedef -----------------------------------------------------------*/
  28:Core/Src/main.c **** /* USER CODE BEGIN PTD */
  29:Core/Src/main.c **** 
  30:Core/Src/main.c **** /* USER CODE END PTD */
ARM GAS  /tmp/ccsrB7hw.s 			page 2


  31:Core/Src/main.c **** 
  32:Core/Src/main.c **** /* Private define ------------------------------------------------------------*/
  33:Core/Src/main.c **** /* USER CODE BEGIN PD */
  34:Core/Src/main.c **** /* USER CODE END PD */
  35:Core/Src/main.c **** 
  36:Core/Src/main.c **** /* Private macro -------------------------------------------------------------*/
  37:Core/Src/main.c **** /* USER CODE BEGIN PM */
  38:Core/Src/main.c **** 
  39:Core/Src/main.c **** /* USER CODE END PM */
  40:Core/Src/main.c **** 
  41:Core/Src/main.c **** /* Private variables ---------------------------------------------------------*/
  42:Core/Src/main.c **** 
  43:Core/Src/main.c **** /* USER CODE BEGIN PV */
  44:Core/Src/main.c **** 
  45:Core/Src/main.c **** /* USER CODE END PV */
  46:Core/Src/main.c **** 
  47:Core/Src/main.c **** /* Private function prototypes -----------------------------------------------*/
  48:Core/Src/main.c **** void SystemClock_Config(void);
  49:Core/Src/main.c **** /* USER CODE BEGIN PFP */
  50:Core/Src/main.c **** 
  51:Core/Src/main.c **** /* USER CODE END PFP */
  52:Core/Src/main.c **** 
  53:Core/Src/main.c **** /* Private user code ---------------------------------------------------------*/
  54:Core/Src/main.c **** /* USER CODE BEGIN 0 */
  55:Core/Src/main.c **** 
  56:Core/Src/main.c **** /* USER CODE END 0 */
  57:Core/Src/main.c **** 
  58:Core/Src/main.c **** /**
  59:Core/Src/main.c ****   * @brief  The application entry point.
  60:Core/Src/main.c ****   * @retval int
  61:Core/Src/main.c ****   */
  62:Core/Src/main.c **** int main(void)
  63:Core/Src/main.c **** {
  64:Core/Src/main.c ****   /* USER CODE BEGIN 1 */
  65:Core/Src/main.c **** 
  66:Core/Src/main.c ****   /* USER CODE END 1 */
  67:Core/Src/main.c **** 
  68:Core/Src/main.c ****   /* MCU Configuration--------------------------------------------------------*/
  69:Core/Src/main.c **** 
  70:Core/Src/main.c ****   /* Reset of all peripherals, Initializes the Flash interface and the Systick. */
  71:Core/Src/main.c ****   HAL_Init();
  72:Core/Src/main.c **** 
  73:Core/Src/main.c ****   /* USER CODE BEGIN Init */
  74:Core/Src/main.c **** 
  75:Core/Src/main.c ****   /* USER CODE END Init */
  76:Core/Src/main.c **** 
  77:Core/Src/main.c ****   /* Configure the system clock */
  78:Core/Src/main.c ****   SystemClock_Config();
  79:Core/Src/main.c **** 
  80:Core/Src/main.c ****   /* USER CODE BEGIN SysInit */
  81:Core/Src/main.c **** 
  82:Core/Src/main.c ****   /* USER CODE END SysInit */
  83:Core/Src/main.c **** 
  84:Core/Src/main.c ****   /* Initialize all configured peripherals */
  85:Core/Src/main.c ****   /* USER CODE BEGIN 2 */
  86:Core/Src/main.c **** 
  87:Core/Src/main.c ****   /* USER CODE END 2 */
ARM GAS  /tmp/ccsrB7hw.s 			page 3


  88:Core/Src/main.c **** 
  89:Core/Src/main.c ****   /* Infinite loop */
  90:Core/Src/main.c ****   /* USER CODE BEGIN WHILE */
  91:Core/Src/main.c ****   while (1)
  92:Core/Src/main.c ****   {
  93:Core/Src/main.c ****     /* USER CODE END WHILE */
  94:Core/Src/main.c ****     /* USER CODE BEGIN 3 */
  95:Core/Src/main.c ****     int a=1;
  96:Core/Src/main.c ****     printf("hello : %d\r\n",a);
  97:Core/Src/main.c ****   }
  98:Core/Src/main.c ****   /* USER CODE END 3 */
  99:Core/Src/main.c **** }
 100:Core/Src/main.c **** 
 101:Core/Src/main.c **** /**
 102:Core/Src/main.c ****   * @brief System Clock Configuration
 103:Core/Src/main.c ****   * @retval None
 104:Core/Src/main.c ****   */
 105:Core/Src/main.c **** void SystemClock_Config(void)
 106:Core/Src/main.c **** {
 107:Core/Src/main.c ****   RCC_OscInitTypeDef RCC_OscInitStruct = {0};
 108:Core/Src/main.c ****   RCC_ClkInitTypeDef RCC_ClkInitStruct = {0};
 109:Core/Src/main.c **** 
 110:Core/Src/main.c ****   /** Configure the main internal regulator output voltage
 111:Core/Src/main.c ****   */
 112:Core/Src/main.c ****   __HAL_RCC_PWR_CLK_ENABLE();
 113:Core/Src/main.c ****   __HAL_PWR_VOLTAGESCALING_CONFIG(PWR_REGULATOR_VOLTAGE_SCALE1);
 114:Core/Src/main.c **** 
 115:Core/Src/main.c ****   /** Initializes the RCC Oscillators according to the specified parameters
 116:Core/Src/main.c ****   * in the RCC_OscInitTypeDef structure.
 117:Core/Src/main.c ****   */
 118:Core/Src/main.c ****   RCC_OscInitStruct.OscillatorType = RCC_OSCILLATORTYPE_HSI;
 119:Core/Src/main.c ****   RCC_OscInitStruct.HSIState = RCC_HSI_ON;
 120:Core/Src/main.c ****   RCC_OscInitStruct.HSICalibrationValue = RCC_HSICALIBRATION_DEFAULT;
 121:Core/Src/main.c ****   RCC_OscInitStruct.PLL.PLLState = RCC_PLL_NONE;
 122:Core/Src/main.c ****   if (HAL_RCC_OscConfig(&RCC_OscInitStruct) != HAL_OK)
 123:Core/Src/main.c ****   {
 124:Core/Src/main.c ****     Error_Handler();
 125:Core/Src/main.c ****   }
 126:Core/Src/main.c **** 
 127:Core/Src/main.c ****   /** Initializes the CPU, AHB and APB buses clocks
 128:Core/Src/main.c ****   */
 129:Core/Src/main.c ****   RCC_ClkInitStruct.ClockType = RCC_CLOCKTYPE_HCLK|RCC_CLOCKTYPE_SYSCLK
 130:Core/Src/main.c ****                               |RCC_CLOCKTYPE_PCLK1|RCC_CLOCKTYPE_PCLK2;
 131:Core/Src/main.c ****   RCC_ClkInitStruct.SYSCLKSource = RCC_SYSCLKSOURCE_HSI;
 132:Core/Src/main.c ****   RCC_ClkInitStruct.AHBCLKDivider = RCC_SYSCLK_DIV1;
 133:Core/Src/main.c ****   RCC_ClkInitStruct.APB1CLKDivider = RCC_HCLK_DIV1;
 134:Core/Src/main.c ****   RCC_ClkInitStruct.APB2CLKDivider = RCC_HCLK_DIV1;
 135:Core/Src/main.c **** 
 136:Core/Src/main.c ****   if (HAL_RCC_ClockConfig(&RCC_ClkInitStruct, FLASH_LATENCY_0) != HAL_OK)
 137:Core/Src/main.c ****   {
 138:Core/Src/main.c ****     Error_Handler();
 139:Core/Src/main.c ****   }
 140:Core/Src/main.c **** }
 141:Core/Src/main.c **** 
 142:Core/Src/main.c **** /* USER CODE BEGIN 4 */
 143:Core/Src/main.c **** 
 144:Core/Src/main.c **** /* USER CODE END 4 */
ARM GAS  /tmp/ccsrB7hw.s 			page 4


 145:Core/Src/main.c **** 
 146:Core/Src/main.c **** /**
 147:Core/Src/main.c ****   * @brief  This function is executed in case of error occurrence.
 148:Core/Src/main.c ****   * @retval None
 149:Core/Src/main.c ****   */
 150:Core/Src/main.c **** void Error_Handler(void)
 151:Core/Src/main.c **** {
  29              		.loc 1 151 1 view -0
  30              		.cfi_startproc
  31              		@ Volatile: function does not return.
  32              		@ args = 0, pretend = 0, frame = 0
  33              		@ frame_needed = 0, uses_anonymous_args = 0
  34              		@ link register save eliminated.
 152:Core/Src/main.c ****   /* USER CODE BEGIN Error_Handler_Debug */
 153:Core/Src/main.c ****   /* User can add his own implementation to report the HAL error return state */
 154:Core/Src/main.c ****   __disable_irq();
  35              		.loc 1 154 3 view .LVU1
  36              	.LBB4:
  37              	.LBI4:
  38              		.file 2 "Drivers/CMSIS/Include/cmsis_gcc.h"
   1:Drivers/CMSIS/Include/cmsis_gcc.h **** /**************************************************************************//**
   2:Drivers/CMSIS/Include/cmsis_gcc.h ****  * @file     cmsis_gcc.h
   3:Drivers/CMSIS/Include/cmsis_gcc.h ****  * @brief    CMSIS compiler GCC header file
   4:Drivers/CMSIS/Include/cmsis_gcc.h ****  * @version  V5.0.4
   5:Drivers/CMSIS/Include/cmsis_gcc.h ****  * @date     09. April 2018
   6:Drivers/CMSIS/Include/cmsis_gcc.h ****  ******************************************************************************/
   7:Drivers/CMSIS/Include/cmsis_gcc.h **** /*
   8:Drivers/CMSIS/Include/cmsis_gcc.h ****  * Copyright (c) 2009-2018 Arm Limited. All rights reserved.
   9:Drivers/CMSIS/Include/cmsis_gcc.h ****  *
  10:Drivers/CMSIS/Include/cmsis_gcc.h ****  * SPDX-License-Identifier: Apache-2.0
  11:Drivers/CMSIS/Include/cmsis_gcc.h ****  *
  12:Drivers/CMSIS/Include/cmsis_gcc.h ****  * Licensed under the Apache License, Version 2.0 (the License); you may
  13:Drivers/CMSIS/Include/cmsis_gcc.h ****  * not use this file except in compliance with the License.
  14:Drivers/CMSIS/Include/cmsis_gcc.h ****  * You may obtain a copy of the License at
  15:Drivers/CMSIS/Include/cmsis_gcc.h ****  *
  16:Drivers/CMSIS/Include/cmsis_gcc.h ****  * www.apache.org/licenses/LICENSE-2.0
  17:Drivers/CMSIS/Include/cmsis_gcc.h ****  *
  18:Drivers/CMSIS/Include/cmsis_gcc.h ****  * Unless required by applicable law or agreed to in writing, software
  19:Drivers/CMSIS/Include/cmsis_gcc.h ****  * distributed under the License is distributed on an AS IS BASIS, WITHOUT
  20:Drivers/CMSIS/Include/cmsis_gcc.h ****  * WARRANTIES OR CONDITIONS OF ANY KIND, either express or implied.
  21:Drivers/CMSIS/Include/cmsis_gcc.h ****  * See the License for the specific language governing permissions and
  22:Drivers/CMSIS/Include/cmsis_gcc.h ****  * limitations under the License.
  23:Drivers/CMSIS/Include/cmsis_gcc.h ****  */
  24:Drivers/CMSIS/Include/cmsis_gcc.h **** 
  25:Drivers/CMSIS/Include/cmsis_gcc.h **** #ifndef __CMSIS_GCC_H
  26:Drivers/CMSIS/Include/cmsis_gcc.h **** #define __CMSIS_GCC_H
  27:Drivers/CMSIS/Include/cmsis_gcc.h **** 
  28:Drivers/CMSIS/Include/cmsis_gcc.h **** /* ignore some GCC warnings */
  29:Drivers/CMSIS/Include/cmsis_gcc.h **** #pragma GCC diagnostic push
  30:Drivers/CMSIS/Include/cmsis_gcc.h **** #pragma GCC diagnostic ignored "-Wsign-conversion"
  31:Drivers/CMSIS/Include/cmsis_gcc.h **** #pragma GCC diagnostic ignored "-Wconversion"
  32:Drivers/CMSIS/Include/cmsis_gcc.h **** #pragma GCC diagnostic ignored "-Wunused-parameter"
  33:Drivers/CMSIS/Include/cmsis_gcc.h **** 
  34:Drivers/CMSIS/Include/cmsis_gcc.h **** /* Fallback for __has_builtin */
  35:Drivers/CMSIS/Include/cmsis_gcc.h **** #ifndef __has_builtin
  36:Drivers/CMSIS/Include/cmsis_gcc.h ****   #define __has_builtin(x) (0)
  37:Drivers/CMSIS/Include/cmsis_gcc.h **** #endif
ARM GAS  /tmp/ccsrB7hw.s 			page 5


  38:Drivers/CMSIS/Include/cmsis_gcc.h **** 
  39:Drivers/CMSIS/Include/cmsis_gcc.h **** /* CMSIS compiler specific defines */
  40:Drivers/CMSIS/Include/cmsis_gcc.h **** #ifndef   __ASM
  41:Drivers/CMSIS/Include/cmsis_gcc.h ****   #define __ASM                                  __asm
  42:Drivers/CMSIS/Include/cmsis_gcc.h **** #endif
  43:Drivers/CMSIS/Include/cmsis_gcc.h **** #ifndef   __INLINE
  44:Drivers/CMSIS/Include/cmsis_gcc.h ****   #define __INLINE                               inline
  45:Drivers/CMSIS/Include/cmsis_gcc.h **** #endif
  46:Drivers/CMSIS/Include/cmsis_gcc.h **** #ifndef   __STATIC_INLINE
  47:Drivers/CMSIS/Include/cmsis_gcc.h ****   #define __STATIC_INLINE                        static inline
  48:Drivers/CMSIS/Include/cmsis_gcc.h **** #endif
  49:Drivers/CMSIS/Include/cmsis_gcc.h **** #ifndef   __STATIC_FORCEINLINE                 
  50:Drivers/CMSIS/Include/cmsis_gcc.h ****   #define __STATIC_FORCEINLINE                   __attribute__((always_inline)) static inline
  51:Drivers/CMSIS/Include/cmsis_gcc.h **** #endif                                           
  52:Drivers/CMSIS/Include/cmsis_gcc.h **** #ifndef   __NO_RETURN
  53:Drivers/CMSIS/Include/cmsis_gcc.h ****   #define __NO_RETURN                            __attribute__((__noreturn__))
  54:Drivers/CMSIS/Include/cmsis_gcc.h **** #endif
  55:Drivers/CMSIS/Include/cmsis_gcc.h **** #ifndef   __USED
  56:Drivers/CMSIS/Include/cmsis_gcc.h ****   #define __USED                                 __attribute__((used))
  57:Drivers/CMSIS/Include/cmsis_gcc.h **** #endif
  58:Drivers/CMSIS/Include/cmsis_gcc.h **** #ifndef   __WEAK
  59:Drivers/CMSIS/Include/cmsis_gcc.h ****   #define __WEAK                                 __attribute__((weak))
  60:Drivers/CMSIS/Include/cmsis_gcc.h **** #endif
  61:Drivers/CMSIS/Include/cmsis_gcc.h **** #ifndef   __PACKED
  62:Drivers/CMSIS/Include/cmsis_gcc.h ****   #define __PACKED                               __attribute__((packed, aligned(1)))
  63:Drivers/CMSIS/Include/cmsis_gcc.h **** #endif
  64:Drivers/CMSIS/Include/cmsis_gcc.h **** #ifndef   __PACKED_STRUCT
  65:Drivers/CMSIS/Include/cmsis_gcc.h ****   #define __PACKED_STRUCT                        struct __attribute__((packed, aligned(1)))
  66:Drivers/CMSIS/Include/cmsis_gcc.h **** #endif
  67:Drivers/CMSIS/Include/cmsis_gcc.h **** #ifndef   __PACKED_UNION
  68:Drivers/CMSIS/Include/cmsis_gcc.h ****   #define __PACKED_UNION                         union __attribute__((packed, aligned(1)))
  69:Drivers/CMSIS/Include/cmsis_gcc.h **** #endif
  70:Drivers/CMSIS/Include/cmsis_gcc.h **** #ifndef   __UNALIGNED_UINT32        /* deprecated */
  71:Drivers/CMSIS/Include/cmsis_gcc.h ****   #pragma GCC diagnostic push
  72:Drivers/CMSIS/Include/cmsis_gcc.h ****   #pragma GCC diagnostic ignored "-Wpacked"
  73:Drivers/CMSIS/Include/cmsis_gcc.h ****   #pragma GCC diagnostic ignored "-Wattributes"
  74:Drivers/CMSIS/Include/cmsis_gcc.h ****   struct __attribute__((packed)) T_UINT32 { uint32_t v; };
  75:Drivers/CMSIS/Include/cmsis_gcc.h ****   #pragma GCC diagnostic pop
  76:Drivers/CMSIS/Include/cmsis_gcc.h ****   #define __UNALIGNED_UINT32(x)                  (((struct T_UINT32 *)(x))->v)
  77:Drivers/CMSIS/Include/cmsis_gcc.h **** #endif
  78:Drivers/CMSIS/Include/cmsis_gcc.h **** #ifndef   __UNALIGNED_UINT16_WRITE
  79:Drivers/CMSIS/Include/cmsis_gcc.h ****   #pragma GCC diagnostic push
  80:Drivers/CMSIS/Include/cmsis_gcc.h ****   #pragma GCC diagnostic ignored "-Wpacked"
  81:Drivers/CMSIS/Include/cmsis_gcc.h ****   #pragma GCC diagnostic ignored "-Wattributes"
  82:Drivers/CMSIS/Include/cmsis_gcc.h ****   __PACKED_STRUCT T_UINT16_WRITE { uint16_t v; };
  83:Drivers/CMSIS/Include/cmsis_gcc.h ****   #pragma GCC diagnostic pop
  84:Drivers/CMSIS/Include/cmsis_gcc.h ****   #define __UNALIGNED_UINT16_WRITE(addr, val)    (void)((((struct T_UINT16_WRITE *)(void *)(addr))-
  85:Drivers/CMSIS/Include/cmsis_gcc.h **** #endif
  86:Drivers/CMSIS/Include/cmsis_gcc.h **** #ifndef   __UNALIGNED_UINT16_READ
  87:Drivers/CMSIS/Include/cmsis_gcc.h ****   #pragma GCC diagnostic push
  88:Drivers/CMSIS/Include/cmsis_gcc.h ****   #pragma GCC diagnostic ignored "-Wpacked"
  89:Drivers/CMSIS/Include/cmsis_gcc.h ****   #pragma GCC diagnostic ignored "-Wattributes"
  90:Drivers/CMSIS/Include/cmsis_gcc.h ****   __PACKED_STRUCT T_UINT16_READ { uint16_t v; };
  91:Drivers/CMSIS/Include/cmsis_gcc.h ****   #pragma GCC diagnostic pop
  92:Drivers/CMSIS/Include/cmsis_gcc.h ****   #define __UNALIGNED_UINT16_READ(addr)          (((const struct T_UINT16_READ *)(const void *)(add
  93:Drivers/CMSIS/Include/cmsis_gcc.h **** #endif
  94:Drivers/CMSIS/Include/cmsis_gcc.h **** #ifndef   __UNALIGNED_UINT32_WRITE
ARM GAS  /tmp/ccsrB7hw.s 			page 6


  95:Drivers/CMSIS/Include/cmsis_gcc.h ****   #pragma GCC diagnostic push
  96:Drivers/CMSIS/Include/cmsis_gcc.h ****   #pragma GCC diagnostic ignored "-Wpacked"
  97:Drivers/CMSIS/Include/cmsis_gcc.h ****   #pragma GCC diagnostic ignored "-Wattributes"
  98:Drivers/CMSIS/Include/cmsis_gcc.h ****   __PACKED_STRUCT T_UINT32_WRITE { uint32_t v; };
  99:Drivers/CMSIS/Include/cmsis_gcc.h ****   #pragma GCC diagnostic pop
 100:Drivers/CMSIS/Include/cmsis_gcc.h ****   #define __UNALIGNED_UINT32_WRITE(addr, val)    (void)((((struct T_UINT32_WRITE *)(void *)(addr))-
 101:Drivers/CMSIS/Include/cmsis_gcc.h **** #endif
 102:Drivers/CMSIS/Include/cmsis_gcc.h **** #ifndef   __UNALIGNED_UINT32_READ
 103:Drivers/CMSIS/Include/cmsis_gcc.h ****   #pragma GCC diagnostic push
 104:Drivers/CMSIS/Include/cmsis_gcc.h ****   #pragma GCC diagnostic ignored "-Wpacked"
 105:Drivers/CMSIS/Include/cmsis_gcc.h ****   #pragma GCC diagnostic ignored "-Wattributes"
 106:Drivers/CMSIS/Include/cmsis_gcc.h ****   __PACKED_STRUCT T_UINT32_READ { uint32_t v; };
 107:Drivers/CMSIS/Include/cmsis_gcc.h ****   #pragma GCC diagnostic pop
 108:Drivers/CMSIS/Include/cmsis_gcc.h ****   #define __UNALIGNED_UINT32_READ(addr)          (((const struct T_UINT32_READ *)(const void *)(add
 109:Drivers/CMSIS/Include/cmsis_gcc.h **** #endif
 110:Drivers/CMSIS/Include/cmsis_gcc.h **** #ifndef   __ALIGNED
 111:Drivers/CMSIS/Include/cmsis_gcc.h ****   #define __ALIGNED(x)                           __attribute__((aligned(x)))
 112:Drivers/CMSIS/Include/cmsis_gcc.h **** #endif
 113:Drivers/CMSIS/Include/cmsis_gcc.h **** #ifndef   __RESTRICT
 114:Drivers/CMSIS/Include/cmsis_gcc.h ****   #define __RESTRICT                             __restrict
 115:Drivers/CMSIS/Include/cmsis_gcc.h **** #endif
 116:Drivers/CMSIS/Include/cmsis_gcc.h **** 
 117:Drivers/CMSIS/Include/cmsis_gcc.h **** 
 118:Drivers/CMSIS/Include/cmsis_gcc.h **** /* ###########################  Core Function Access  ########################### */
 119:Drivers/CMSIS/Include/cmsis_gcc.h **** /** \ingroup  CMSIS_Core_FunctionInterface
 120:Drivers/CMSIS/Include/cmsis_gcc.h ****     \defgroup CMSIS_Core_RegAccFunctions CMSIS Core Register Access Functions
 121:Drivers/CMSIS/Include/cmsis_gcc.h ****   @{
 122:Drivers/CMSIS/Include/cmsis_gcc.h ****  */
 123:Drivers/CMSIS/Include/cmsis_gcc.h **** 
 124:Drivers/CMSIS/Include/cmsis_gcc.h **** /**
 125:Drivers/CMSIS/Include/cmsis_gcc.h ****   \brief   Enable IRQ Interrupts
 126:Drivers/CMSIS/Include/cmsis_gcc.h ****   \details Enables IRQ interrupts by clearing the I-bit in the CPSR.
 127:Drivers/CMSIS/Include/cmsis_gcc.h ****            Can only be executed in Privileged modes.
 128:Drivers/CMSIS/Include/cmsis_gcc.h ****  */
 129:Drivers/CMSIS/Include/cmsis_gcc.h **** __STATIC_FORCEINLINE void __enable_irq(void)
 130:Drivers/CMSIS/Include/cmsis_gcc.h **** {
 131:Drivers/CMSIS/Include/cmsis_gcc.h ****   __ASM volatile ("cpsie i" : : : "memory");
 132:Drivers/CMSIS/Include/cmsis_gcc.h **** }
 133:Drivers/CMSIS/Include/cmsis_gcc.h **** 
 134:Drivers/CMSIS/Include/cmsis_gcc.h **** 
 135:Drivers/CMSIS/Include/cmsis_gcc.h **** /**
 136:Drivers/CMSIS/Include/cmsis_gcc.h ****   \brief   Disable IRQ Interrupts
 137:Drivers/CMSIS/Include/cmsis_gcc.h ****   \details Disables IRQ interrupts by setting the I-bit in the CPSR.
 138:Drivers/CMSIS/Include/cmsis_gcc.h ****            Can only be executed in Privileged modes.
 139:Drivers/CMSIS/Include/cmsis_gcc.h ****  */
 140:Drivers/CMSIS/Include/cmsis_gcc.h **** __STATIC_FORCEINLINE void __disable_irq(void)
  39              		.loc 2 140 27 view .LVU2
  40              	.LBB5:
 141:Drivers/CMSIS/Include/cmsis_gcc.h **** {
 142:Drivers/CMSIS/Include/cmsis_gcc.h ****   __ASM volatile ("cpsid i" : : : "memory");
  41              		.loc 2 142 3 view .LVU3
  42              		.syntax unified
  43              	@ 142 "Drivers/CMSIS/Include/cmsis_gcc.h" 1
  44 0000 72B6     		cpsid i
  45              	@ 0 "" 2
  46              		.thumb
  47              		.syntax unified
ARM GAS  /tmp/ccsrB7hw.s 			page 7


  48              	.L2:
  49              	.LBE5:
  50              	.LBE4:
 155:Core/Src/main.c ****   while (1)
  51              		.loc 1 155 3 discriminator 1 view .LVU4
 156:Core/Src/main.c ****   {
 157:Core/Src/main.c ****   }
  52              		.loc 1 157 3 discriminator 1 view .LVU5
 155:Core/Src/main.c ****   while (1)
  53              		.loc 1 155 9 discriminator 1 view .LVU6
  54 0002 FEE7     		b	.L2
  55              		.cfi_endproc
  56              	.LFE135:
  58              		.section	.text.SystemClock_Config,"ax",%progbits
  59              		.align	1
  60              		.global	SystemClock_Config
  61              		.syntax unified
  62              		.thumb
  63              		.thumb_func
  64              		.fpu fpv4-sp-d16
  66              	SystemClock_Config:
  67              	.LFB134:
 106:Core/Src/main.c ****   RCC_OscInitTypeDef RCC_OscInitStruct = {0};
  68              		.loc 1 106 1 view -0
  69              		.cfi_startproc
  70              		@ args = 0, pretend = 0, frame = 80
  71              		@ frame_needed = 0, uses_anonymous_args = 0
  72 0000 00B5     		push	{lr}
  73              	.LCFI0:
  74              		.cfi_def_cfa_offset 4
  75              		.cfi_offset 14, -4
  76 0002 95B0     		sub	sp, sp, #84
  77              	.LCFI1:
  78              		.cfi_def_cfa_offset 88
 107:Core/Src/main.c ****   RCC_ClkInitTypeDef RCC_ClkInitStruct = {0};
  79              		.loc 1 107 3 view .LVU8
 107:Core/Src/main.c ****   RCC_ClkInitTypeDef RCC_ClkInitStruct = {0};
  80              		.loc 1 107 22 is_stmt 0 view .LVU9
  81 0004 3422     		movs	r2, #52
  82 0006 0021     		movs	r1, #0
  83 0008 07A8     		add	r0, sp, #28
  84 000a FFF7FEFF 		bl	memset
  85              	.LVL0:
 108:Core/Src/main.c **** 
  86              		.loc 1 108 3 is_stmt 1 view .LVU10
 108:Core/Src/main.c **** 
  87              		.loc 1 108 22 is_stmt 0 view .LVU11
  88 000e 0023     		movs	r3, #0
  89 0010 0293     		str	r3, [sp, #8]
  90 0012 0393     		str	r3, [sp, #12]
  91 0014 0493     		str	r3, [sp, #16]
  92 0016 0593     		str	r3, [sp, #20]
  93 0018 0693     		str	r3, [sp, #24]
 112:Core/Src/main.c ****   __HAL_PWR_VOLTAGESCALING_CONFIG(PWR_REGULATOR_VOLTAGE_SCALE1);
  94              		.loc 1 112 3 is_stmt 1 view .LVU12
  95              	.LBB6:
 112:Core/Src/main.c ****   __HAL_PWR_VOLTAGESCALING_CONFIG(PWR_REGULATOR_VOLTAGE_SCALE1);
ARM GAS  /tmp/ccsrB7hw.s 			page 8


  96              		.loc 1 112 3 view .LVU13
  97 001a 0093     		str	r3, [sp]
 112:Core/Src/main.c ****   __HAL_PWR_VOLTAGESCALING_CONFIG(PWR_REGULATOR_VOLTAGE_SCALE1);
  98              		.loc 1 112 3 view .LVU14
  99 001c 184A     		ldr	r2, .L9
 100 001e 116C     		ldr	r1, [r2, #64]
 101 0020 41F08051 		orr	r1, r1, #268435456
 102 0024 1164     		str	r1, [r2, #64]
 112:Core/Src/main.c ****   __HAL_PWR_VOLTAGESCALING_CONFIG(PWR_REGULATOR_VOLTAGE_SCALE1);
 103              		.loc 1 112 3 view .LVU15
 104 0026 126C     		ldr	r2, [r2, #64]
 105 0028 02F08052 		and	r2, r2, #268435456
 106 002c 0092     		str	r2, [sp]
 112:Core/Src/main.c ****   __HAL_PWR_VOLTAGESCALING_CONFIG(PWR_REGULATOR_VOLTAGE_SCALE1);
 107              		.loc 1 112 3 view .LVU16
 108 002e 009A     		ldr	r2, [sp]
 109              	.LBE6:
 112:Core/Src/main.c ****   __HAL_PWR_VOLTAGESCALING_CONFIG(PWR_REGULATOR_VOLTAGE_SCALE1);
 110              		.loc 1 112 3 view .LVU17
 113:Core/Src/main.c **** 
 111              		.loc 1 113 3 view .LVU18
 112              	.LBB7:
 113:Core/Src/main.c **** 
 113              		.loc 1 113 3 view .LVU19
 114 0030 0193     		str	r3, [sp, #4]
 113:Core/Src/main.c **** 
 115              		.loc 1 113 3 view .LVU20
 116 0032 144A     		ldr	r2, .L9+4
 117 0034 1168     		ldr	r1, [r2]
 118 0036 41F44041 		orr	r1, r1, #49152
 119 003a 1160     		str	r1, [r2]
 113:Core/Src/main.c **** 
 120              		.loc 1 113 3 view .LVU21
 121 003c 1268     		ldr	r2, [r2]
 122 003e 02F44042 		and	r2, r2, #49152
 123 0042 0192     		str	r2, [sp, #4]
 113:Core/Src/main.c **** 
 124              		.loc 1 113 3 view .LVU22
 125 0044 019A     		ldr	r2, [sp, #4]
 126              	.LBE7:
 113:Core/Src/main.c **** 
 127              		.loc 1 113 3 view .LVU23
 118:Core/Src/main.c ****   RCC_OscInitStruct.HSIState = RCC_HSI_ON;
 128              		.loc 1 118 3 view .LVU24
 118:Core/Src/main.c ****   RCC_OscInitStruct.HSIState = RCC_HSI_ON;
 129              		.loc 1 118 36 is_stmt 0 view .LVU25
 130 0046 0222     		movs	r2, #2
 131 0048 0792     		str	r2, [sp, #28]
 119:Core/Src/main.c ****   RCC_OscInitStruct.HSICalibrationValue = RCC_HSICALIBRATION_DEFAULT;
 132              		.loc 1 119 3 is_stmt 1 view .LVU26
 119:Core/Src/main.c ****   RCC_OscInitStruct.HSICalibrationValue = RCC_HSICALIBRATION_DEFAULT;
 133              		.loc 1 119 30 is_stmt 0 view .LVU27
 134 004a 0122     		movs	r2, #1
 135 004c 0A92     		str	r2, [sp, #40]
 120:Core/Src/main.c ****   RCC_OscInitStruct.PLL.PLLState = RCC_PLL_NONE;
 136              		.loc 1 120 3 is_stmt 1 view .LVU28
 120:Core/Src/main.c ****   RCC_OscInitStruct.PLL.PLLState = RCC_PLL_NONE;
ARM GAS  /tmp/ccsrB7hw.s 			page 9


 137              		.loc 1 120 41 is_stmt 0 view .LVU29
 138 004e 1022     		movs	r2, #16
 139 0050 0B92     		str	r2, [sp, #44]
 121:Core/Src/main.c ****   if (HAL_RCC_OscConfig(&RCC_OscInitStruct) != HAL_OK)
 140              		.loc 1 121 3 is_stmt 1 view .LVU30
 121:Core/Src/main.c ****   if (HAL_RCC_OscConfig(&RCC_OscInitStruct) != HAL_OK)
 141              		.loc 1 121 34 is_stmt 0 view .LVU31
 142 0052 0D93     		str	r3, [sp, #52]
 122:Core/Src/main.c ****   {
 143              		.loc 1 122 3 is_stmt 1 view .LVU32
 122:Core/Src/main.c ****   {
 144              		.loc 1 122 7 is_stmt 0 view .LVU33
 145 0054 07A8     		add	r0, sp, #28
 146 0056 FFF7FEFF 		bl	HAL_RCC_OscConfig
 147              	.LVL1:
 122:Core/Src/main.c ****   {
 148              		.loc 1 122 6 view .LVU34
 149 005a 68B9     		cbnz	r0, .L7
 129:Core/Src/main.c ****                               |RCC_CLOCKTYPE_PCLK1|RCC_CLOCKTYPE_PCLK2;
 150              		.loc 1 129 3 is_stmt 1 view .LVU35
 129:Core/Src/main.c ****                               |RCC_CLOCKTYPE_PCLK1|RCC_CLOCKTYPE_PCLK2;
 151              		.loc 1 129 31 is_stmt 0 view .LVU36
 152 005c 0F23     		movs	r3, #15
 153 005e 0293     		str	r3, [sp, #8]
 131:Core/Src/main.c ****   RCC_ClkInitStruct.AHBCLKDivider = RCC_SYSCLK_DIV1;
 154              		.loc 1 131 3 is_stmt 1 view .LVU37
 131:Core/Src/main.c ****   RCC_ClkInitStruct.AHBCLKDivider = RCC_SYSCLK_DIV1;
 155              		.loc 1 131 34 is_stmt 0 view .LVU38
 156 0060 0021     		movs	r1, #0
 157 0062 0391     		str	r1, [sp, #12]
 132:Core/Src/main.c ****   RCC_ClkInitStruct.APB1CLKDivider = RCC_HCLK_DIV1;
 158              		.loc 1 132 3 is_stmt 1 view .LVU39
 132:Core/Src/main.c ****   RCC_ClkInitStruct.APB1CLKDivider = RCC_HCLK_DIV1;
 159              		.loc 1 132 35 is_stmt 0 view .LVU40
 160 0064 0491     		str	r1, [sp, #16]
 133:Core/Src/main.c ****   RCC_ClkInitStruct.APB2CLKDivider = RCC_HCLK_DIV1;
 161              		.loc 1 133 3 is_stmt 1 view .LVU41
 133:Core/Src/main.c ****   RCC_ClkInitStruct.APB2CLKDivider = RCC_HCLK_DIV1;
 162              		.loc 1 133 36 is_stmt 0 view .LVU42
 163 0066 0591     		str	r1, [sp, #20]
 134:Core/Src/main.c **** 
 164              		.loc 1 134 3 is_stmt 1 view .LVU43
 134:Core/Src/main.c **** 
 165              		.loc 1 134 36 is_stmt 0 view .LVU44
 166 0068 0691     		str	r1, [sp, #24]
 136:Core/Src/main.c ****   {
 167              		.loc 1 136 3 is_stmt 1 view .LVU45
 136:Core/Src/main.c ****   {
 168              		.loc 1 136 7 is_stmt 0 view .LVU46
 169 006a 02A8     		add	r0, sp, #8
 170 006c FFF7FEFF 		bl	HAL_RCC_ClockConfig
 171              	.LVL2:
 136:Core/Src/main.c ****   {
 172              		.loc 1 136 6 view .LVU47
 173 0070 20B9     		cbnz	r0, .L8
 140:Core/Src/main.c **** 
 174              		.loc 1 140 1 view .LVU48
ARM GAS  /tmp/ccsrB7hw.s 			page 10


 175 0072 15B0     		add	sp, sp, #84
 176              	.LCFI2:
 177              		.cfi_remember_state
 178              		.cfi_def_cfa_offset 4
 179              		@ sp needed
 180 0074 5DF804FB 		ldr	pc, [sp], #4
 181              	.L7:
 182              	.LCFI3:
 183              		.cfi_restore_state
 124:Core/Src/main.c ****   }
 184              		.loc 1 124 5 is_stmt 1 view .LVU49
 185 0078 FFF7FEFF 		bl	Error_Handler
 186              	.LVL3:
 187              	.L8:
 138:Core/Src/main.c ****   }
 188              		.loc 1 138 5 view .LVU50
 189 007c FFF7FEFF 		bl	Error_Handler
 190              	.LVL4:
 191              	.L10:
 192              		.align	2
 193              	.L9:
 194 0080 00380240 		.word	1073887232
 195 0084 00700040 		.word	1073770496
 196              		.cfi_endproc
 197              	.LFE134:
 199              		.section	.rodata.main.str1.4,"aMS",%progbits,1
 200              		.align	2
 201              	.LC0:
 202 0000 68656C6C 		.ascii	"hello : %d\015\012\000"
 202      6F203A20 
 202      25640D0A 
 202      00
 203              		.section	.text.main,"ax",%progbits
 204              		.align	1
 205              		.global	main
 206              		.syntax unified
 207              		.thumb
 208              		.thumb_func
 209              		.fpu fpv4-sp-d16
 211              	main:
 212              	.LFB133:
  63:Core/Src/main.c ****   /* USER CODE BEGIN 1 */
 213              		.loc 1 63 1 view -0
 214              		.cfi_startproc
 215              		@ args = 0, pretend = 0, frame = 0
 216              		@ frame_needed = 0, uses_anonymous_args = 0
 217 0000 08B5     		push	{r3, lr}
 218              	.LCFI4:
 219              		.cfi_def_cfa_offset 8
 220              		.cfi_offset 3, -8
 221              		.cfi_offset 14, -4
  71:Core/Src/main.c **** 
 222              		.loc 1 71 3 view .LVU52
 223 0002 FFF7FEFF 		bl	HAL_Init
 224              	.LVL5:
  78:Core/Src/main.c **** 
 225              		.loc 1 78 3 view .LVU53
ARM GAS  /tmp/ccsrB7hw.s 			page 11


 226 0006 FFF7FEFF 		bl	SystemClock_Config
 227              	.LVL6:
 228              	.L12:
  91:Core/Src/main.c ****   {
 229              		.loc 1 91 3 discriminator 1 view .LVU54
 230              	.LBB8:
  95:Core/Src/main.c ****     printf("hello : %d\r\n",a);
 231              		.loc 1 95 5 discriminator 1 view .LVU55
  96:Core/Src/main.c ****   }
 232              		.loc 1 96 5 discriminator 1 view .LVU56
 233 000a 0121     		movs	r1, #1
 234 000c 0148     		ldr	r0, .L14
 235 000e FFF7FEFF 		bl	printf
 236              	.LVL7:
 237              	.LBE8:
  91:Core/Src/main.c ****   {
 238              		.loc 1 91 9 discriminator 1 view .LVU57
 239 0012 FAE7     		b	.L12
 240              	.L15:
 241              		.align	2
 242              	.L14:
 243 0014 00000000 		.word	.LC0
 244              		.cfi_endproc
 245              	.LFE133:
 247              		.text
 248              	.Letext0:
 249              		.file 3 "/usr/lib/gcc/arm-none-eabi/9.2.1/include/stdint.h"
 250              		.file 4 "Drivers/CMSIS/Include/core_cm4.h"
 251              		.file 5 "Drivers/CMSIS/Device/ST/STM32F4xx/Include/system_stm32f4xx.h"
 252              		.file 6 "Drivers/CMSIS/Device/ST/STM32F4xx/Include/stm32f412cx.h"
 253              		.file 7 "Drivers/STM32F4xx_HAL_Driver/Inc/stm32f4xx_hal_rcc_ex.h"
 254              		.file 8 "Drivers/STM32F4xx_HAL_Driver/Inc/stm32f4xx_hal_rcc.h"
 255              		.file 9 "Drivers/STM32F4xx_HAL_Driver/Inc/stm32f4xx_hal_def.h"
 256              		.file 10 "Drivers/STM32F4xx_HAL_Driver/Inc/stm32f4xx_hal.h"
 257              		.file 11 "/usr/lib/gcc/arm-none-eabi/9.2.1/include/stddef.h"
 258              		.file 12 "/usr/include/newlib/sys/_types.h"
 259              		.file 13 "/usr/include/newlib/sys/reent.h"
 260              		.file 14 "/usr/include/newlib/sys/lock.h"
 261              		.file 15 "/usr/include/newlib/stdio.h"
 262              		.file 16 "<built-in>"
ARM GAS  /tmp/ccsrB7hw.s 			page 12


DEFINED SYMBOLS
                            *ABS*:0000000000000000 main.c
     /tmp/ccsrB7hw.s:18     .text.Error_Handler:0000000000000000 $t
     /tmp/ccsrB7hw.s:26     .text.Error_Handler:0000000000000000 Error_Handler
     /tmp/ccsrB7hw.s:59     .text.SystemClock_Config:0000000000000000 $t
     /tmp/ccsrB7hw.s:66     .text.SystemClock_Config:0000000000000000 SystemClock_Config
     /tmp/ccsrB7hw.s:194    .text.SystemClock_Config:0000000000000080 $d
     /tmp/ccsrB7hw.s:200    .rodata.main.str1.4:0000000000000000 $d
     /tmp/ccsrB7hw.s:204    .text.main:0000000000000000 $t
     /tmp/ccsrB7hw.s:211    .text.main:0000000000000000 main
     /tmp/ccsrB7hw.s:243    .text.main:0000000000000014 $d

UNDEFINED SYMBOLS
memset
HAL_RCC_OscConfig
HAL_RCC_ClockConfig
HAL_Init
printf
